pygame 2.6.1 (SDL 2.28.4, Python 3.10.20)
Hello from the pygame community. https://www.pygame.org/contribute.html
======================================================================
无人机配送调度仿真 - PSOScheduler（双通道 + 动态贪心，配置见 backend_si/config.yaml）
任务生成方式: realistic
======================================================================
Loading map data...
Loaded: 6 road types, 2889 buildings
Buildings with height info: 2889
Generated 5 tasks:
  Task(ID: task_1, Weight: 4kg, Source: (357901.031605, 3463443.479479), Destination: (361019.986953, 3463277.315244), Deadline: 398, GenerationTime: 0, Priority: 5, Status: pending)
  Task(ID: task_2, Weight: 3kg, Source: (359365.380286, 3463070.831606), Destination: (358182.773081, 3462796.06714), Deadline: 458, GenerationTime: 0, Priority: 3, Status: pending)
  Task(ID: task_3, Weight: 2kg, Source: (358370.055541, 3463481.948418), Destination: (359666.341193, 3462855.683958), Deadline: 457, GenerationTime: 0, Priority: 4, Status: pending)
  Task(ID: task_4, Weight: 3kg, Source: (359176.6769698096, 3462361.0743942684), Destination: (359006.728578, 3464942.81857), Deadline: 311, GenerationTime: 0, Priority: 3, Status: pending)
  Task(ID: task_5, Weight: 2kg, Source: (358370.055541, 3463481.948418), Destination: (361019.986953, 3463277.315244), Deadline: 231, GenerationTime: 0, Priority: 3, Status: pending)
加载了 18 个具有高度信息的建筑物
[TaskShower] Task Monitor window started
[PSOScheduler] 立即分配 task_1 → drone_0（最近空闲机）
[PSOScheduler] 立即分配 task_2 → drone_1（最近空闲机）
[PSOScheduler] 立即分配 task_3 → drone_2（最近空闲机）
[PSOScheduler] PSO 批量分配（触发: size），当前各机队列: {0: 6, 1: 6, 2: 8}
Frame: 0, Reward: -0.10
[PSOScheduler] PSO 批量分配（触发: emergency），当前各机队列: {0: 5, 1: 6, 2: 9}
Frame: 2, Reward: -0.10
Frame: 4, Reward: -0.10
Frame: 6, Reward: -0.10
Frame: 8, Reward: -0.10
Frame: 10, Reward: -0.10
Frame: 12, Reward: -0.10
Frame: 14, Reward: -0.10
Frame: 16, Reward: -0.10
Frame: 18, Reward: -0.10
Frame: 20, Reward: -0.10
Frame: 22, Reward: -0.10
Frame: 24, Reward: -0.10
Frame: 26, Reward: -0.10
Frame: 28, Reward: -0.10
Frame: 30, Reward: -0.10
Frame: 32, Reward: -0.10
Frame: 34, Reward: -0.10
Frame: 36, Reward: -0.10
Frame: 38, Reward: -0.10
Frame: 40, Reward: -0.10
Frame: 42, Reward: -0.10
Frame: 44, Reward: -0.10
Frame: 46, Reward: -0.10
Frame: 48, Reward: -0.10
Frame: 50, Reward: -0.10
Frame: 52, Reward: -0.10
Frame: 54, Reward: -0.10
Frame: 56, Reward: -0.10
Frame: 58, Reward: -0.10
Frame: 60, Reward: -0.10
Frame: 62, Reward: -0.10
Frame: 64, Reward: -0.10
Frame: 66, Reward: -0.10
Frame: 68, Reward: -0.10
Frame: 70, Reward: -0.10
Frame: 72, Reward: -0.10
Frame: 74, Reward: -0.10
Frame: 76, Reward: -0.10
Frame: 78, Reward: -0.10
Frame: 80, Reward: -0.10
Frame: 82, Reward: -0.10
Frame: 84, Reward: -0.10
Frame: 86, Reward: -0.10
Frame: 88, Reward: -0.10
Frame: 90, Reward: -0.10
Frame: 92, Reward: 79.90
[PSOScheduler] drone_1 空闲，动态贪心重排 6 个队列任务
Frame: 94, Reward: -0.10
[PSOScheduler] PSO 批量分配（触发: emergency），当前各机队列: {0: 5, 1: 6, 2: 9}
Frame: 96, Reward: -0.10
Frame: 98, Reward: -0.10
Frame: 100, Reward: -0.10
Frame: 102, Reward: -0.10
Frame: 104, Reward: -0.10
Frame: 106, Reward: -0.10
Frame: 108, Reward: -0.10
Frame: 110, Reward: -0.10
Frame: 112, Reward: -0.10
Frame: 114, Reward: -0.10
Frame: 116, Reward: -0.10
Frame: 118, Reward: -0.10
Frame: 120, Reward: -0.10
Frame: 122, Reward: -0.10
Frame: 124, Reward: -0.10
Frame: 126, Reward: -0.10
Frame: 128, Reward: -0.10
Frame: 130, Reward: -0.10
Frame: 132, Reward: -0.10
Frame: 134, Reward: -0.10
Frame: 136, Reward: -0.10
Frame: 138, Reward: -0.10
Frame: 140, Reward: -0.10
Frame: 142, Reward: -0.10
Frame: 144, Reward: -0.10
Frame: 146, Reward: -0.10
Frame: 148, Reward: -0.10
Frame: 150, Reward: -0.10
Frame: 152, Reward: -0.10
Frame: 154, Reward: -0.10
Frame: 156, Reward: -0.10
Frame: 158, Reward: -0.10
Frame: 160, Reward: -0.10
Frame: 162, Reward: -0.10
Frame: 164, Reward: -0.10
Frame: 166, Reward: -0.10
Frame: 168, Reward: -0.10
Frame: 170, Reward: -0.10
Frame: 172, Reward: -0.10
Frame: 174, Reward: -0.10
Frame: 176, Reward: -0.10
Frame: 178, Reward: -0.10
Frame: 180, Reward: -0.10
Frame: 182, Reward: -0.10
Frame: 184, Reward: -0.10
Frame: 186, Reward: -0.10
Frame: 188, Reward: -0.10
Frame: 190, Reward: 9.90
[PSOScheduler] drone_0 空闲，动态贪心重排 5 个队列任务
Frame: 192, Reward: -0.10
Frame: 194, Reward: -0.10
Frame: 196, Reward: -0.10
Frame: 198, Reward: -0.10
Frame: 200, Reward: -0.10
Frame: 202, Reward: -0.10
Frame: 204, Reward: -0.10
Frame: 206, Reward: -0.10
Frame: 208, Reward: -0.10
Frame: 210, Reward: -0.10
Frame: 212, Reward: -0.10
Frame: 214, Reward: -0.10
Frame: 216, Reward: -0.10
Frame: 218, Reward: -0.10
Frame: 220, Reward: -0.10
Frame: 222, Reward: -0.10
Frame: 224, Reward: 79.90
[PSOScheduler] drone_2 空闲，动态贪心重排 9 个队列任务
Frame: 226, Reward: -0.10
Frame: 228, Reward: -0.10
Frame: 230, Reward: -0.10
Frame: 232, Reward: -0.10
Frame: 234, Reward: -0.10
Frame: 236, Reward: -0.10
Frame: 238, Reward: -0.10
Frame: 240, Reward: -0.10
Frame: 242, Reward: -0.10
Frame: 244, Reward: -0.10
Frame: 246, Reward: -0.10
Frame: 248, Reward: -0.10
Frame: 250, Reward: -0.10
Frame: 252, Reward: -0.10
Frame: 254, Reward: -0.10
Frame: 256, Reward: -0.10
Frame: 258, Reward: -0.10
[PSOScheduler] PSO 批量分配（触发: timeout），当前各机队列: {0: 4, 1: 7, 2: 8}
Frame: 260, Reward: -0.10
Frame: 262, Reward: -0.10
Frame: 264, Reward: -0.10
Frame: 266, Reward: -0.10
Frame: 268, Reward: -0.10
Frame: 270, Reward: -0.10
Frame: 272, Reward: -0.10
Frame: 274, Reward: -0.10
Frame: 276, Reward: -0.10
Frame: 278, Reward: 49.90
[PSOScheduler] drone_1 空闲，动态贪心重排 7 个队列任务
Frame: 280, Reward: -0.10
[PSOScheduler] PSO 批量分配（触发: emergency），当前各机队列: {0: 4, 1: 7, 2: 8}
Frame: 282, Reward: -0.10
Frame: 284, Reward: -0.10
Frame: 286, Reward: -0.10
Frame: 288, Reward: -0.10
Frame: 290, Reward: -0.10
Frame: 292, Reward: -0.10
Frame: 294, Reward: -0.10
Frame: 296, Reward: -0.10
Frame: 298, Reward: -0.10
Frame: 300, Reward: -0.10
Frame: 302, Reward: -0.10
Frame: 304, Reward: -0.10
Frame: 306, Reward: -0.10
Frame: 308, Reward: -0.10
Frame: 310, Reward: -0.10
Frame: 312, Reward: -0.10
Frame: 314, Reward: -0.10
Frame: 316, Reward: -0.10
Frame: 318, Reward: -0.10
Frame: 320, Reward: -0.10
Frame: 322, Reward: -0.10
Frame: 324, Reward: -0.10
Frame: 326, Reward: -0.10
Frame: 328, Reward: -0.10
Frame: 330, Reward: -0.10
Frame: 332, Reward: -0.10
Frame: 334, Reward: -0.10
Frame: 336, Reward: -0.10
Frame: 338, Reward: -0.10
Frame: 340, Reward: -0.10
Frame: 342, Reward: -0.10
Frame: 344, Reward: -0.10
Frame: 346, Reward: -0.10
Frame: 348, Reward: -0.10
Frame: 350, Reward: -0.10
Frame: 352, Reward: -0.10
Frame: 354, Reward: -0.10
Frame: 356, Reward: -0.10
Frame: 358, Reward: -0.10
Frame: 360, Reward: -0.10
Frame: 362, Reward: -0.10
Frame: 364, Reward: -0.10
Frame: 366, Reward: -0.10
Frame: 368, Reward: 79.90
[PSOScheduler] drone_2 空闲，动态贪心重排 8 个队列任务
Frame: 370, Reward: -0.10
Frame: 372, Reward: -0.10
Frame: 374, Reward: -0.10
Frame: 376, Reward: -0.10
Frame: 378, Reward: -0.10
Frame: 380, Reward: -0.10
Frame: 382, Reward: -0.10
Frame: 384, Reward: -0.10
Frame: 386, Reward: -0.10
Frame: 388, Reward: -0.10
Frame: 390, Reward: -0.10
Frame: 392, Reward: -0.10
Frame: 394, Reward: -0.10
Frame: 396, Reward: -0.10
[PSOScheduler] PSO 批量分配（触发: timeout），当前各机队列: {0: 5, 1: 8, 2: 10}
Frame: 398, Reward: -0.10
Frame: 400, Reward: -0.10
Frame: 402, Reward: -0.10
Frame: 404, Reward: -0.10
Frame: 406, Reward: -0.10
Frame: 408, Reward: -0.10
Frame: 410, Reward: -0.10
Frame: 412, Reward: -0.10
Frame: 414, Reward: -0.10
Frame: 416, Reward: -0.10
Frame: 418, Reward: -0.10
Frame: 420, Reward: -0.10
Frame: 422, Reward: -0.10
Frame: 424, Reward: -0.10
Frame: 426, Reward: -0.10
Frame: 428, Reward: -0.10
Frame: 430, Reward: -0.10
Frame: 432, Reward: -0.10
Frame: 434, Reward: -0.10
Frame: 436, Reward: -0.10
Frame: 438, Reward: -0.10
Frame: 440, Reward: -0.10
Frame: 442, Reward: -0.10
Frame: 444, Reward: -0.10
Frame: 446, Reward: -0.10
Frame: 448, Reward: -0.10
Frame: 450, Reward: -0.10
Frame: 452, Reward: -0.10
Frame: 454, Reward: -0.10
Frame: 456, Reward: -0.10
Frame: 458, Reward: -0.10
Frame: 460, Reward: -0.10
Frame: 462, Reward: -0.10
Frame: 464, Reward: -0.10
Frame: 466, Reward: -0.10
Frame: 468, Reward: -0.10
Frame: 470, Reward: -0.10
Frame: 472, Reward: -0.10
Frame: 474, Reward: -0.10
Frame: 476, Reward: -0.10
Frame: 478, Reward: -0.10
Frame: 480, Reward: -0.10
Frame: 482, Reward: -0.10
Frame: 484, Reward: -0.10
Frame: 486, Reward: -0.10
Frame: 488, Reward: -0.10
Frame: 490, Reward: -0.10
Frame: 492, Reward: -0.10
Frame: 494, Reward: -0.10
Frame: 496, Reward: -0.10
Frame: 498, Reward: -0.10
Frame: 500, Reward: -0.10
Frame: 502, Reward: -0.10
Frame: 504, Reward: -0.10
Frame: 506, Reward: -0.10
Frame: 508, Reward: -0.10
Frame: 510, Reward: -0.10
Frame: 512, Reward: -0.10
Frame: 514, Reward: -0.10
Frame: 516, Reward: -0.10
Frame: 518, Reward: -0.10
Frame: 520, Reward: -0.10
Frame: 522, Reward: -0.10
Frame: 524, Reward: -0.10
Frame: 526, Reward: 99.90
[PSOScheduler] drone_1 空闲，动态贪心重排 8 个队列任务
Frame: 528, Reward: -0.10
Frame: 530, Reward: -0.10
Frame: 532, Reward: -0.10
Frame: 534, Reward: -0.10
Frame: 536, Reward: -0.10
Frame: 538, Reward: -0.10
Frame: 540, Reward: -0.10
Frame: 542, Reward: -0.10
Frame: 544, Reward: -0.10
Frame: 546, Reward: -0.10
Frame: 548, Reward: -0.10
Frame: 550, Reward: -0.10
Frame: 552, Reward: -0.10
Frame: 554, Reward: -0.10
Frame: 556, Reward: -0.10
Frame: 558, Reward: -0.10
Frame: 560, Reward: -0.10
Frame: 562, Reward: -0.10
Frame: 564, Reward: -0.10
Frame: 566, Reward: -0.10
Frame: 568, Reward: -0.10
Frame: 570, Reward: -0.10
Frame: 572, Reward: -0.10
Frame: 574, Reward: -0.10
Frame: 576, Reward: -0.10
Frame: 578, Reward: -0.10
Frame: 580, Reward: -0.10
Frame: 582, Reward: -0.10
Frame: 584, Reward: -0.10
Frame: 586, Reward: -0.10
Frame: 588, Reward: -0.10
Frame: 590, Reward: -0.10
Frame: 592, Reward: -0.10
Frame: 594, Reward: -0.10
Frame: 596, Reward: -0.10
Frame: 598, Reward: -0.10
Frame: 600, Reward: -0.10
[PSOScheduler] PSO 批量分配（触发: timeout），当前各机队列: {0: 5, 1: 8, 2: 10}
Frame: 602, Reward: -0.10
Frame: 604, Reward: -0.10
Frame: 606, Reward: -0.10
Frame: 608, Reward: -0.10
Frame: 610, Reward: -0.10
Frame: 612, Reward: -0.10
Frame: 614, Reward: -0.10
Frame: 616, Reward: -0.10
Frame: 618, Reward: -0.10
Frame: 620, Reward: -0.10
Frame: 622, Reward: -0.10
Frame: 624, Reward: -0.10
Frame: 626, Reward: -0.10
Frame: 628, Reward: -0.10
Frame: 630, Reward: -0.10
Frame: 632, Reward: -0.10
Frame: 634, Reward: -0.10
Frame: 636, Reward: -0.10
Frame: 638, Reward: -0.10
Frame: 640, Reward: -0.10
Frame: 642, Reward: -0.10
Frame: 644, Reward: -0.10
Frame: 646, Reward: -0.10
Frame: 648, Reward: -0.10
Frame: 650, Reward: -0.10
Frame: 652, Reward: -0.10
Frame: 654, Reward: -0.10
Frame: 656, Reward: -0.10
Frame: 658, Reward: -0.10
Frame: 660, Reward: -0.10
Frame: 662, Reward: -0.10
Frame: 664, Reward: -0.10
Frame: 666, Reward: -0.10
Frame: 668, Reward: -0.10
Frame: 670, Reward: -0.10
Frame: 672, Reward: -0.10
Frame: 674, Reward: -0.10
Frame: 676, Reward: -0.10
Frame: 678, Reward: -0.10
Frame: 680, Reward: -0.10
Frame: 682, Reward: -0.10
Frame: 684, Reward: -0.10
Frame: 686, Reward: -0.10
Frame: 688, Reward: -0.10
Frame: 690, Reward: -0.10
Frame: 692, Reward: -0.10
Frame: 694, Reward: -0.10
Frame: 696, Reward: -0.10
Frame: 698, Reward: -0.10
Frame: 700, Reward: -0.10
Frame: 702, Reward: -0.10
Frame: 704, Reward: -0.10
Frame: 706, Reward: -0.10
Frame: 708, Reward: -0.10
Frame: 710, Reward: -0.10
Frame: 712, Reward: -0.10
Frame: 714, Reward: -0.10
Frame: 716, Reward: -0.10
Frame: 718, Reward: -0.10
Frame: 720, Reward: -0.10
Frame: 722, Reward: -0.10
Frame: 724, Reward: -0.10
Frame: 726, Reward: -0.10
Frame: 728, Reward: -0.10
Frame: 730, Reward: -0.10
Frame: 732, Reward: -0.10
Frame: 734, Reward: -0.10
Frame: 736, Reward: -0.10
Frame: 738, Reward: -0.10
Frame: 740, Reward: -0.10
Frame: 742, Reward: -0.10
Frame: 744, Reward: -0.10
Frame: 746, Reward: -0.10
Frame: 748, Reward: -0.10
Frame: 750, Reward: -0.10
Frame: 752, Reward: -0.10
[PSOScheduler] PSO 批量分配（触发: timeout），当前各机队列: {0: 5, 1: 9, 2: 10}
Frame: 754, Reward: -0.10
Frame: 756, Reward: -0.10
Frame: 758, Reward: -0.10
Frame: 760, Reward: -0.10
Frame: 762, Reward: -0.10
Frame: 764, Reward: -0.10
Frame: 766, Reward: -0.10
Frame: 768, Reward: -0.10
Frame: 770, Reward: -0.10
Frame: 772, Reward: -0.10
Frame: 774, Reward: -0.10
Frame: 776, Reward: -0.10
Frame: 778, Reward: -0.10
Frame: 780, Reward: -0.10
Frame: 782, Reward: -0.10
Frame: 784, Reward: -0.10
Frame: 786, Reward: -0.10
Frame: 788, Reward: -0.10
Frame: 790, Reward: -0.10
Frame: 792, Reward: -0.10
Frame: 794, Reward: -0.10
Frame: 796, Reward: -0.10
Frame: 798, Reward: -0.10
Frame: 800, Reward: -0.10
Frame: 802, Reward: -0.10
Frame: 804, Reward: -0.10
Frame: 806, Reward: -0.10
Frame: 808, Reward: -0.10
Frame: 810, Reward: -0.10
Frame: 812, Reward: -0.10
Frame: 814, Reward: -0.10
Frame: 816, Reward: -0.10
Frame: 818, Reward: -0.10
Frame: 820, Reward: -0.10
Frame: 822, Reward: -0.10
Frame: 824, Reward: -0.10
Frame: 826, Reward: -0.10
Frame: 828, Reward: -0.10
Frame: 830, Reward: -0.10
Frame: 832, Reward: -0.10
Frame: 834, Reward: -0.10
Frame: 836, Reward: -0.10
Frame: 838, Reward: -0.10
Frame: 840, Reward: -0.10
Frame: 842, Reward: -0.10
Frame: 844, Reward: -0.10
Frame: 846, Reward: -0.10
Frame: 848, Reward: -0.10
Frame: 850, Reward: -0.10
Frame: 852, Reward: -0.10
Frame: 854, Reward: -0.10
Frame: 856, Reward: -0.10
Frame: 858, Reward: -0.10
Frame: 860, Reward: -0.10
Frame: 862, Reward: -0.10
Frame: 864, Reward: -0.10
Frame: 866, Reward: -0.10
Frame: 868, Reward: -0.10
Frame: 870, Reward: -0.10
Frame: 872, Reward: -0.10
Frame: 874, Reward: -0.10
Frame: 876, Reward: -0.10
Frame: 878, Reward: -0.10
Frame: 880, Reward: -0.10
Frame: 882, Reward: -0.10
Frame: 884, Reward: -0.10
Frame: 886, Reward: -0.10
Frame: 888, Reward: -0.10
Frame: 890, Reward: -0.10
Frame: 892, Reward: -0.10
Frame: 894, Reward: -0.10
Frame: 896, Reward: -0.10
Frame: 898, Reward: -0.10
Frame: 900, Reward: -0.10
Frame: 902, Reward: -0.10
Frame: 904, Reward: -0.10
Frame: 906, Reward: -0.10
Frame: 908, Reward: -0.10
Frame: 910, Reward: -0.10
Frame: 912, Reward: -0.10
Frame: 914, Reward: -0.10
Frame: 916, Reward: -0.10
Frame: 918, Reward: -0.10
Frame: 920, Reward: -0.10
Frame: 922, Reward: -0.10
Frame: 924, Reward: -0.10
Frame: 926, Reward: -0.10
Frame: 928, Reward: -0.10
Frame: 930, Reward: -0.10
Frame: 932, Reward: -0.10
[PSOScheduler] PSO 批量分配（触发: timeout），当前各机队列: {0: 5, 1: 10, 2: 10}
Frame: 934, Reward: -0.10
Frame: 936, Reward: -0.10
Frame: 938, Reward: -0.10
Frame: 940, Reward: -0.10
Frame: 942, Reward: -0.10
Frame: 944, Reward: -95.90
[PSOScheduler] drone_1 空闲，动态贪心重排 10 个队列任务
Frame: 946, Reward: -0.10
Frame: 948, Reward: -0.10
Frame: 950, Reward: -0.10
Frame: 952, Reward: -0.10
Frame: 954, Reward: -0.10
Frame: 956, Reward: -0.10
Frame: 958, Reward: -0.10
Frame: 960, Reward: -0.10
Frame: 962, Reward: -0.10
Frame: 964, Reward: -0.10
Frame: 966, Reward: -0.10
Frame: 968, Reward: -0.10
Frame: 970, Reward: -0.10
Frame: 972, Reward: -0.10
Frame: 974, Reward: -0.10
Frame: 976, Reward: -0.10
Frame: 978, Reward: -0.10
Frame: 980, Reward: -0.10
Frame: 982, Reward: -0.10
Frame: 984, Reward: -0.10
Frame: 986, Reward: -0.10
Frame: 988, Reward: -0.10
Frame: 990, Reward: -0.10
Frame: 992, Reward: -0.10
Frame: 994, Reward: -0.10
Frame: 996, Reward: -0.10
Frame: 998, Reward: -0.10
Frame: 1000, Reward: -0.10
Frame: 1002, Reward: -0.10
Frame: 1004, Reward: -0.10
Frame: 1006, Reward: -0.10
Frame: 1008, Reward: -0.10
Frame: 1010, Reward: -0.10
Frame: 1012, Reward: -0.10
Frame: 1014, Reward: -0.10
Frame: 1016, Reward: -0.10
Frame: 1018, Reward: -0.10
Frame: 1020, Reward: -0.10
Frame: 1022, Reward: -0.10
Frame: 1024, Reward: -0.10
Frame: 1026, Reward: -0.10
Frame: 1028, Reward: -0.10
Frame: 1030, Reward: -0.10
Frame: 1032, Reward: -0.10
Frame: 1034, Reward: -0.10
Frame: 1036, Reward: -0.10
Frame: 1038, Reward: -0.10
Frame: 1040, Reward: -0.10
Frame: 1042, Reward: -0.10
[PSOScheduler] PSO 批量分配（触发: timeout），当前各机队列: {0: 5, 1: 10, 2: 11}
Frame: 1044, Reward: -0.10
Frame: 1046, Reward: -0.10
Frame: 1048, Reward: -0.10
Frame: 1050, Reward: -0.10
Frame: 1052, Reward: -0.10
Frame: 1054, Reward: -0.10
Frame: 1056, Reward: -0.10
Frame: 1058, Reward: -0.10
Frame: 1060, Reward: -0.10
Frame: 1062, Reward: -0.10
Frame: 1064, Reward: -0.10
Frame: 1066, Reward: -0.10
Frame: 1068, Reward: -0.10
Frame: 1070, Reward: -0.10
Frame: 1072, Reward: -0.10
Frame: 1074, Reward: -0.10
Frame: 1076, Reward: -0.10
Frame: 1078, Reward: -0.10
Frame: 1080, Reward: -0.10
Frame: 1082, Reward: -0.10
Frame: 1084, Reward: -0.10
Frame: 1086, Reward: -0.10
Frame: 1088, Reward: -0.10
Frame: 1090, Reward: -0.10
Frame: 1092, Reward: -0.10
Frame: 1094, Reward: -0.10
Frame: 1096, Reward: -0.10
Frame: 1098, Reward: -0.10
Frame: 1100, Reward: -0.10
Frame: 1102, Reward: -0.10
Frame: 1104, Reward: -0.10
Frame: 1106, Reward: -0.10
Frame: 1108, Reward: -0.10
Frame: 1110, Reward: -0.10
Frame: 1112, Reward: -0.10
Frame: 1114, Reward: -0.10
Frame: 1116, Reward: -0.10
Frame: 1118, Reward: -0.10
Frame: 1120, Reward: -0.10
Frame: 1122, Reward: -0.10
Frame: 1124, Reward: -0.10
Frame: 1126, Reward: -0.10
Frame: 1128, Reward: -0.10
Frame: 1130, Reward: -0.10
Frame: 1132, Reward: -0.10
Frame: 1134, Reward: -0.10
Frame: 1136, Reward: -0.10
Frame: 1138, Reward: -0.10
Frame: 1140, Reward: -0.10
Frame: 1142, Reward: -0.10
Frame: 1144, Reward: -0.10
Frame: 1146, Reward: -0.10
Frame: 1148, Reward: -0.10
Frame: 1150, Reward: -0.10
Frame: 1152, Reward: -0.10
Frame: 1154, Reward: -0.10
Frame: 1156, Reward: -0.10
Frame: 1158, Reward: -0.10
Frame: 1160, Reward: -0.10
Frame: 1162, Reward: -0.10
Frame: 1164, Reward: -0.10
Frame: 1166, Reward: -0.10
Frame: 1168, Reward: -0.10
Frame: 1170, Reward: -0.10
Frame: 1172, Reward: -0.10
Frame: 1174, Reward: -0.10
Frame: 1176, Reward: -0.10
Frame: 1178, Reward: -0.10
Frame: 1180, Reward: -0.10
Frame: 1182, Reward: -0.10
Frame: 1184, Reward: -0.10
Frame: 1186, Reward: -0.10
Frame: 1188, Reward: -0.10
Frame: 1190, Reward: -0.10
Frame: 1192, Reward: -0.10
Frame: 1194, Reward: -0.10
Frame: 1196, Reward: -0.10
Frame: 1198, Reward: -0.10
Frame: 1200, Reward: -0.10
Frame: 1202, Reward: -0.10
Frame: 1204, Reward: -0.10
Frame: 1206, Reward: -0.10
Frame: 1208, Reward: -0.10
Frame: 1210, Reward: -0.10
Frame: 1212, Reward: -0.10
Frame: 1214, Reward: -0.10
Frame: 1216, Reward: -0.10
Frame: 1218, Reward: -0.10
Frame: 1220, Reward: -0.10
Frame: 1222, Reward: -0.10
Frame: 1224, Reward: -0.10
Frame: 1226, Reward: -0.10
Frame: 1228, Reward: -0.10
Frame: 1230, Reward: -0.10
Frame: 1232, Reward: -0.10
Frame: 1234, Reward: -0.10
Frame: 1236, Reward: -0.10
Frame: 1238, Reward: -0.10
Frame: 1240, Reward: -0.10
Frame: 1242, Reward: -0.10
Frame: 1244, Reward: -0.10
Frame: 1246, Reward: -0.10
Frame: 1248, Reward: -0.10
Frame: 1250, Reward: -0.10
Frame: 1252, Reward: -0.10
Frame: 1254, Reward: -0.10
Frame: 1256, Reward: -0.10
Frame: 1258, Reward: -0.10
[PSOScheduler] PSO 批量分配（触发: timeout），当前各机队列: {0: 5, 1: 11, 2: 11}
Frame: 1260, Reward: -0.10
Frame: 1262, Reward: -0.10
Frame: 1264, Reward: -0.10
Frame: 1266, Reward: -0.10
Frame: 1268, Reward: -0.10
Frame: 1270, Reward: 9.90
[PSOScheduler] drone_1 空闲，动态贪心重排 11 个队列任务
Frame: 1272, Reward: -0.10
Frame: 1274, Reward: -0.10
Frame: 1276, Reward: -0.10
Frame: 1278, Reward: -0.10
Frame: 1280, Reward: -0.10
Frame: 1282, Reward: -0.10
Frame: 1284, Reward: -0.10
Frame: 1286, Reward: -0.10
Frame: 1288, Reward: -0.10
Frame: 1290, Reward: -0.10
Frame: 1292, Reward: -0.10
Frame: 1294, Reward: -0.10
Frame: 1296, Reward: -0.10
Frame: 1298, Reward: -0.10
Frame: 1300, Reward: -0.10
Frame: 1302, Reward: -0.10
Frame: 1304, Reward: -0.10
Frame: 1306, Reward: -0.10
Frame: 1308, Reward: -0.10
Frame: 1310, Reward: -0.10
Frame: 1312, Reward: -0.10
Frame: 1314, Reward: -0.10
Frame: 1316, Reward: -0.10
Frame: 1318, Reward: -0.10
Frame: 1320, Reward: -0.10
Frame: 1322, Reward: -0.10
Frame: 1324, Reward: -0.10
Frame: 1326, Reward: -0.10
Frame: 1328, Reward: -0.10
Frame: 1330, Reward: -0.10
Frame: 1332, Reward: -0.10
Frame: 1334, Reward: -0.10
Frame: 1336, Reward: -0.10
Frame: 1338, Reward: -0.10
Frame: 1340, Reward: -0.10
Frame: 1342, Reward: -0.10
Frame: 1344, Reward: -0.10
Frame: 1346, Reward: -0.10
Frame: 1348, Reward: -0.10
Frame: 1350, Reward: -0.10
Frame: 1352, Reward: -0.10
Frame: 1354, Reward: -0.10
Frame: 1356, Reward: -0.10
Frame: 1358, Reward: -0.10
Frame: 1360, Reward: -0.10
Frame: 1362, Reward: -0.10
Frame: 1364, Reward: -0.10
Frame: 1366, Reward: -0.10
Frame: 1368, Reward: -0.10
Frame: 1370, Reward: -0.10
Frame: 1372, Reward: -0.10
Frame: 1374, Reward: -0.10
Frame: 1376, Reward: -0.10
[PSOScheduler] PSO 批量分配（触发: timeout），当前各机队列: {0: 6, 1: 11, 2: 12}
Frame: 1378, Reward: -0.10
Frame: 1380, Reward: -0.10
Frame: 1382, Reward: -0.10
Frame: 1384, Reward: -0.10
Frame: 1386, Reward: -0.10
Frame: 1388, Reward: -0.10
Frame: 1390, Reward: -0.10
Frame: 1392, Reward: -0.10
Frame: 1394, Reward: -0.10
Frame: 1396, Reward: -0.10
Frame: 1398, Reward: -0.10
Frame: 1400, Reward: -0.10
Frame: 1402, Reward: -0.10
Frame: 1404, Reward: -0.10
Frame: 1406, Reward: -0.10
Frame: 1408, Reward: -0.10
Frame: 1410, Reward: -0.10
Frame: 1412, Reward: -0.10
Frame: 1414, Reward: -0.10
Frame: 1416, Reward: -0.10
Frame: 1418, Reward: -0.10
Frame: 1420, Reward: -0.10
Frame: 1422, Reward: -0.10
Frame: 1424, Reward: -0.10
Frame: 1426, Reward: -0.10
Frame: 1428, Reward: -0.10
Frame: 1430, Reward: -0.10
Frame: 1432, Reward: -0.10
Frame: 1434, Reward: -0.10
Frame: 1436, Reward: -0.10
Frame: 1438, Reward: -0.10
Frame: 1440, Reward: -0.10
Frame: 1442, Reward: -0.10
Frame: 1444, Reward: -0.10
Frame: 1446, Reward: -0.10
Frame: 1448, Reward: -0.10
Frame: 1450, Reward: -0.10
Frame: 1452, Reward: -0.10
Frame: 1454, Reward: -0.10
Frame: 1456, Reward: -0.10
Frame: 1458, Reward: -0.10
Frame: 1460, Reward: -0.10
Frame: 1462, Reward: -0.10
Frame: 1464, Reward: -0.10
Frame: 1466, Reward: -0.10
Frame: 1468, Reward: -0.10
Frame: 1470, Reward: -0.10
Frame: 1472, Reward: -0.10
Frame: 1474, Reward: -0.10
Frame: 1476, Reward: -0.10
Frame: 1478, Reward: -0.10
Frame: 1480, Reward: -0.10
Frame: 1482, Reward: -0.10
Frame: 1484, Reward: -0.10
Frame: 1486, Reward: -0.10
Frame: 1488, Reward: -0.10
Frame: 1490, Reward: -0.10
Frame: 1492, Reward: -0.10
Frame: 1494, Reward: -0.10
Frame: 1496, Reward: -0.10
Frame: 1498, Reward: -0.10
Frame: 1500, Reward: -0.10
Frame: 1502, Reward: -0.10
Frame: 1504, Reward: -0.10
Frame: 1506, Reward: -0.10
Frame: 1508, Reward: -0.10
Frame: 1510, Reward: -0.10
Frame: 1512, Reward: -0.10
Frame: 1514, Reward: -0.10
Frame: 1516, Reward: -0.10
Frame: 1518, Reward: -0.10
[PSOScheduler] PSO 批量分配（触发: timeout），当前各机队列: {0: 6, 1: 12, 2: 13}
Frame: 1520, Reward: -0.10
Frame: 1522, Reward: -0.10
Frame: 1524, Reward: -0.10
Frame: 1526, Reward: -0.10
Frame: 1528, Reward: -0.10
Frame: 1530, Reward: -0.10
Frame: 1532, Reward: -67.57
[PSOScheduler] drone_1 空闲，动态贪心重排 12 个队列任务
Frame: 1534, Reward: -0.10
Frame: 1536, Reward: -0.10
Frame: 1538, Reward: -0.10
Frame: 1540, Reward: -0.10
Frame: 1542, Reward: -0.10
Frame: 1544, Reward: -0.10
Frame: 1546, Reward: -0.10
Frame: 1548, Reward: -0.10
Frame: 1550, Reward: -0.10
Frame: 1552, Reward: -0.10
Frame: 1554, Reward: -0.10
Frame: 1556, Reward: -0.10
Frame: 1558, Reward: -0.10
Frame: 1560, Reward: -0.10
Frame: 1562, Reward: -0.10
Frame: 1564, Reward: -0.10
Frame: 1566, Reward: -0.10
Frame: 1568, Reward: -0.10
Frame: 1570, Reward: -0.10
Frame: 1572, Reward: -0.10
Frame: 1574, Reward: -0.10
Frame: 1576, Reward: -0.10
Frame: 1578, Reward: -0.10
Frame: 1580, Reward: -0.10
Frame: 1582, Reward: -0.10
Frame: 1584, Reward: -0.10
Frame: 1586, Reward: -0.10
Frame: 1588, Reward: -0.10
Frame: 1590, Reward: -0.10
Frame: 1592, Reward: -0.10
Frame: 1594, Reward: -0.10
Frame: 1596, Reward: -0.10
Frame: 1598, Reward: -0.10
Frame: 1600, Reward: -0.10
Frame: 1602, Reward: -0.10
Frame: 1604, Reward: -0.10
Frame: 1606, Reward: -0.10
Frame: 1608, Reward: -0.10
Frame: 1610, Reward: -0.10
Frame: 1612, Reward: -0.10
Frame: 1614, Reward: -0.10
Frame: 1616, Reward: -0.10
Frame: 1618, Reward: -0.10
Frame: 1620, Reward: -0.10
Frame: 1622, Reward: -0.10
[PSOScheduler] PSO 批量分配（触发: timeout），当前各机队列: {0: 6, 1: 12, 2: 14}
Frame: 1624, Reward: -0.10
Frame: 1626, Reward: -0.10
Frame: 1628, Reward: -0.10
Frame: 1630, Reward: -0.10
Frame: 1632, Reward: -0.10
Frame: 1634, Reward: -0.10
Frame: 1636, Reward: -0.10
Frame: 1638, Reward: -0.10
Frame: 1640, Reward: -0.10
Frame: 1642, Reward: -0.10
Frame: 1644, Reward: -0.10
Frame: 1646, Reward: -0.10
Frame: 1648, Reward: -0.10
Frame: 1650, Reward: -0.10
Frame: 1652, Reward: -0.10
Frame: 1654, Reward: -0.10
Frame: 1656, Reward: -0.10
Frame: 1658, Reward: -0.10
Frame: 1660, Reward: -0.10
Frame: 1662, Reward: -0.10
Frame: 1664, Reward: -0.10
Frame: 1666, Reward: -0.10
Frame: 1668, Reward: -0.10
Frame: 1670, Reward: -0.10
Frame: 1672, Reward: -0.10
Frame: 1674, Reward: -0.10
Frame: 1676, Reward: -0.10
Frame: 1678, Reward: -0.10
Frame: 1680, Reward: -0.10
Frame: 1682, Reward: -0.10
Frame: 1684, Reward: -0.10
Frame: 1686, Reward: -0.10
Frame: 1688, Reward: -0.10
Frame: 1690, Reward: -0.10
Frame: 1692, Reward: -0.10
Frame: 1694, Reward: -0.10
Frame: 1696, Reward: -0.10
Frame: 1698, Reward: -0.10
Frame: 1700, Reward: -0.10
Frame: 1702, Reward: -0.10
Frame: 1704, Reward: -0.10
Frame: 1706, Reward: -0.10
Frame: 1708, Reward: -0.10
Frame: 1710, Reward: -0.10
Frame: 1712, Reward: -0.10
Frame: 1714, Reward: -0.10
Frame: 1716, Reward: -0.10
Frame: 1718, Reward: -0.10
Frame: 1720, Reward: -0.10
Frame: 1722, Reward: -0.10
Frame: 1724, Reward: -0.10
Frame: 1726, Reward: -0.10
Frame: 1728, Reward: -0.10
Frame: 1730, Reward: -0.10
Frame: 1732, Reward: -0.10
Frame: 1734, Reward: 79.90
[PSOScheduler] drone_1 空闲，动态贪心重排 12 个队列任务
Frame: 1736, Reward: -0.10
Frame: 1738, Reward: -0.10
Frame: 1740, Reward: -0.10
Frame: 1742, Reward: -0.10
Frame: 1744, Reward: -0.10
Frame: 1746, Reward: -0.10
Frame: 1748, Reward: -0.10
Frame: 1750, Reward: -0.10
Frame: 1752, Reward: -0.10
Frame: 1754, Reward: -0.10
Frame: 1756, Reward: -0.10
Frame: 1758, Reward: -0.10
Frame: 1760, Reward: -0.10
Frame: 1762, Reward: -0.10
Frame: 1764, Reward: -0.10
Frame: 1766, Reward: -0.10
Frame: 1768, Reward: -0.10
Frame: 1770, Reward: -0.10
Frame: 1772, Reward: -0.10
Frame: 1774, Reward: -0.10
Frame: 1776, Reward: -0.10
Frame: 1778, Reward: -0.10
Frame: 1780, Reward: -0.10
Frame: 1782, Reward: -0.10
Frame: 1784, Reward: -0.10
Frame: 1786, Reward: -0.10
Frame: 1788, Reward: -0.10
Frame: 1790, Reward: -0.10
Frame: 1792, Reward: -0.10
Frame: 1794, Reward: -0.10
Frame: 1796, Reward: -0.10
Frame: 1798, Reward: -0.10
Frame: 1800, Reward: -0.10
Frame: 1802, Reward: -0.10
Frame: 1804, Reward: -0.10
Frame: 1806, Reward: -0.10
Frame: 1808, Reward: -0.10
Frame: 1810, Reward: -0.10
Frame: 1812, Reward: -0.10
Frame: 1814, Reward: -0.10
Frame: 1816, Reward: -0.10
Frame: 1818, Reward: -0.10
Frame: 1820, Reward: -0.10
Frame: 1822, Reward: -0.10
Frame: 1824, Reward: -0.10
Frame: 1826, Reward: -0.10
Frame: 1828, Reward: -0.10
[PSOScheduler] PSO 批量分配（触发: timeout），当前各机队列: {0: 6, 1: 12, 2: 14}
Frame: 1830, Reward: -0.10
Frame: 1832, Reward: -0.10
Frame: 1834, Reward: -0.10
Frame: 1836, Reward: -0.10
Frame: 1838, Reward: -0.10
Frame: 1840, Reward: -0.10
Frame: 1842, Reward: -0.10
Frame: 1844, Reward: -0.10
Frame: 1846, Reward: -0.10
Frame: 1848, Reward: -0.10
Frame: 1850, Reward: -0.10
Frame: 1852, Reward: -0.10
Frame: 1854, Reward: -0.10
Frame: 1856, Reward: -0.10
Frame: 1858, Reward: -0.10
Frame: 1860, Reward: -0.10
Frame: 1862, Reward: -0.10
Frame: 1864, Reward: -0.10
Frame: 1866, Reward: -0.10
Frame: 1868, Reward: -0.10
Frame: 1870, Reward: -0.10
Frame: 1872, Reward: -0.10
Frame: 1874, Reward: -0.10
Frame: 1876, Reward: -0.10
Frame: 1878, Reward: -0.10
Frame: 1880, Reward: -0.10
Frame: 1882, Reward: -0.10
Frame: 1884, Reward: -0.10
Frame: 1886, Reward: -0.10
Frame: 1888, Reward: -0.10
Frame: 1890, Reward: -0.10
Frame: 1892, Reward: -0.10
Frame: 1894, Reward: -0.10
Frame: 1896, Reward: -0.10
Frame: 1898, Reward: -0.10
Frame: 1900, Reward: -0.10
Frame: 1902, Reward: -0.10
Frame: 1904, Reward: -0.10
Frame: 1906, Reward: -0.10
Frame: 1908, Reward: -0.10
Frame: 1910, Reward: -0.10
Frame: 1912, Reward: -0.10
Frame: 1914, Reward: -0.10
Frame: 1916, Reward: -0.10
Frame: 1918, Reward: -0.10
Frame: 1920, Reward: -0.10
Frame: 1922, Reward: -0.10
Frame: 1924, Reward: -0.10
Frame: 1926, Reward: -0.10
Frame: 1928, Reward: -0.10
Frame: 1930, Reward: -0.10
Frame: 1932, Reward: -0.10
Frame: 1934, Reward: -0.10
Frame: 1936, Reward: -0.10
Frame: 1938, Reward: -0.10
Frame: 1940, Reward: -0.10
Frame: 1942, Reward: -0.10
Frame: 1944, Reward: -0.10
Frame: 1946, Reward: -0.10
Frame: 1948, Reward: -0.10
Frame: 1950, Reward: -0.10
Frame: 1952, Reward: -0.10
Frame: 1954, Reward: -0.10
Frame: 1956, Reward: -0.10
Frame: 1958, Reward: -0.10
Frame: 1960, Reward: -0.10
Frame: 1962, Reward: -0.10
Frame: 1964, Reward: -0.10
Frame: 1966, Reward: -0.10
Frame: 1968, Reward: -0.10
Frame: 1970, Reward: -0.10
Frame: 1972, Reward: -0.10
Frame: 1974, Reward: -0.10
Frame: 1976, Reward: -0.10
Frame: 1978, Reward: -0.10
Frame: 1980, Reward: -0.10
Frame: 1982, Reward: -0.10
Frame: 1984, Reward: -0.10
Frame: 1986, Reward: -0.10
Frame: 1988, Reward: -0.10
Frame: 1990, Reward: -0.10
Frame: 1992, Reward: -0.10
Frame: 1994, Reward: -0.10
Frame: 1996, Reward: -0.10
Frame: 1998, Reward: -0.10
Frame: 2000, Reward: -0.10
Frame: 2002, Reward: -0.10
Frame: 2004, Reward: -0.10
Frame: 2006, Reward: -0.10
Frame: 2008, Reward: -0.10
[PSOScheduler] PSO 批量分配（触发: timeout），当前各机队列: {0: 6, 1: 13, 2: 15}
Frame: 2010, Reward: -0.10
Frame: 2012, Reward: -0.10
Frame: 2014, Reward: -20.79
[PSOScheduler] drone_1 空闲，动态贪心重排 13 个队列任务
Frame: 2016, Reward: -0.10
Frame: 2018, Reward: -0.10
Frame: 2020, Reward: -0.10
Frame: 2022, Reward: -0.10
Frame: 2024, Reward: -0.10
Frame: 2026, Reward: -0.10
Frame: 2028, Reward: -0.10
Frame: 2030, Reward: -0.10
Frame: 2032, Reward: -0.10
Frame: 2034, Reward: -0.10
Frame: 2036, Reward: -0.10
Frame: 2038, Reward: -0.10
Frame: 2040, Reward: -0.10
Frame: 2042, Reward: -0.10
Frame: 2044, Reward: -0.10
Frame: 2046, Reward: -0.10
Frame: 2048, Reward: -0.10
Frame: 2050, Reward: -0.10
Frame: 2052, Reward: -0.10
Frame: 2054, Reward: -0.10
Frame: 2056, Reward: -0.10
Frame: 2058, Reward: -0.10
Frame: 2060, Reward: -0.10
Frame: 2062, Reward: -0.10
Frame: 2064, Reward: -0.10
Frame: 2066, Reward: -0.10
Frame: 2068, Reward: -0.10
Frame: 2070, Reward: -0.10
Frame: 2072, Reward: -0.10
Frame: 2074, Reward: -0.10
Frame: 2076, Reward: -0.10
Frame: 2078, Reward: -0.10
Frame: 2080, Reward: -0.10
Frame: 2082, Reward: -0.10
Frame: 2084, Reward: -0.10
Frame: 2086, Reward: -0.10
Frame: 2088, Reward: -0.10
Frame: 2090, Reward: -0.10
Frame: 2092, Reward: -0.10
Frame: 2094, Reward: -0.10
Frame: 2096, Reward: -0.10
Frame: 2098, Reward: -0.10
Frame: 2100, Reward: -0.10
Frame: 2102, Reward: -0.10
Frame: 2104, Reward: -0.10
Frame: 2106, Reward: -0.10
Frame: 2108, Reward: -0.10
Frame: 2110, Reward: -0.10
Frame: 2112, Reward: -0.10
Frame: 2114, Reward: -0.10
Frame: 2116, Reward: -0.10
Frame: 2118, Reward: -0.10
Frame: 2120, Reward: -0.10
Frame: 2122, Reward: -0.10
Frame: 2124, Reward: -0.10
Frame: 2126, Reward: -0.10
Frame: 2128, Reward: -0.10
Frame: 2130, Reward: -0.10
Frame: 2132, Reward: -0.10
Frame: 2134, Reward: -0.10
Frame: 2136, Reward: -0.10
Frame: 2138, Reward: -0.10
Frame: 2140, Reward: -0.10
Frame: 2142, Reward: -0.10
Frame: 2144, Reward: -0.10
Frame: 2146, Reward: -0.10
Frame: 2148, Reward: -0.10
Frame: 2150, Reward: -0.10
Frame: 2152, Reward: -0.10
Frame: 2154, Reward: -0.10
Frame: 2156, Reward: -0.10
Frame: 2158, Reward: -0.10
Frame: 2160, Reward: -0.10
Frame: 2162, Reward: -0.10
Frame: 2164, Reward: -0.10
Frame: 2166, Reward: -0.10
Frame: 2168, Reward: -0.10
Frame: 2170, Reward: -0.10
Frame: 2172, Reward: -0.10
Frame: 2174, Reward: -0.10
Frame: 2176, Reward: -0.10
Frame: 2178, Reward: -0.10
Frame: 2180, Reward: -0.10
Frame: 2182, Reward: -0.10
Frame: 2184, Reward: -0.10
Frame: 2186, Reward: -0.10
Frame: 2188, Reward: -0.10
Frame: 2190, Reward: -0.10
Frame: 2192, Reward: -0.10
Frame: 2194, Reward: -0.10
Frame: 2196, Reward: -0.10
Frame: 2198, Reward: -0.10
Frame: 2200, Reward: -0.10
Frame: 2202, Reward: -0.10
Frame: 2204, Reward: -0.10
Frame: 2206, Reward: -0.10
Frame: 2208, Reward: -0.10
Frame: 2210, Reward: -0.10
Frame: 2212, Reward: -0.10
Frame: 2214, Reward: -0.10
Frame: 2216, Reward: -0.10
Frame: 2218, Reward: -0.10
Frame: 2220, Reward: -0.10
Frame: 2222, Reward: -0.10
Frame: 2224, Reward: -0.10
Frame: 2226, Reward: -0.10
Frame: 2228, Reward: -0.10
Frame: 2230, Reward: -0.10
Frame: 2232, Reward: -0.10
Frame: 2234, Reward: -0.10
Frame: 2236, Reward: -0.10
Frame: 2238, Reward: -0.10
[PSOScheduler] PSO 批量分配（触发: timeout），当前各机队列: {0: 6, 1: 13, 2: 15}
Frame: 2240, Reward: -0.10
Frame: 2242, Reward: -0.10
Frame: 2244, Reward: -0.10
Frame: 2246, Reward: -0.10
Frame: 2248, Reward: -0.10
Frame: 2250, Reward: -0.10
Frame: 2252, Reward: -0.10
Frame: 2254, Reward: -0.10
Frame: 2256, Reward: -0.10
Frame: 2258, Reward: -0.10
Frame: 2260, Reward: -0.10
Frame: 2262, Reward: -0.10
Frame: 2264, Reward: -0.10
Frame: 2266, Reward: -0.10
Frame: 2268, Reward: -0.10
Frame: 2270, Reward: -0.10
Frame: 2272, Reward: -0.10
Frame: 2274, Reward: -0.10
Frame: 2276, Reward: -0.10
Frame: 2278, Reward: -0.10
Frame: 2280, Reward: -0.10
Frame: 2282, Reward: -0.10
Frame: 2284, Reward: -0.10
Frame: 2286, Reward: -0.10
Frame: 2288, Reward: -0.10
Frame: 2290, Reward: -0.10
Frame: 2292, Reward: -0.10
Frame: 2294, Reward: -0.10
Frame: 2296, Reward: -0.10
Frame: 2298, Reward: -0.10
Frame: 2300, Reward: -0.10
Frame: 2302, Reward: -0.10
Frame: 2304, Reward: -0.10
Frame: 2306, Reward: -0.10
Frame: 2308, Reward: -0.10
Frame: 2310, Reward: -0.10
Frame: 2312, Reward: -0.10
Frame: 2314, Reward: -0.10
Frame: 2316, Reward: -0.10
Frame: 2318, Reward: -0.10
Frame: 2320, Reward: -0.10
Frame: 2322, Reward: -0.10
Frame: 2324, Reward: -0.10
Frame: 2326, Reward: -0.10
Frame: 2328, Reward: -0.10
Frame: 2330, Reward: -0.10
Frame: 2332, Reward: -0.10
Frame: 2334, Reward: -0.10
Frame: 2336, Reward: -0.10
Frame: 2338, Reward: -0.10
Frame: 2340, Reward: -0.10
Frame: 2342, Reward: -0.10
Frame: 2344, Reward: -0.10
Frame: 2346, Reward: -0.10
Frame: 2348, Reward: -0.10
Frame: 2350, Reward: -0.10
Frame: 2352, Reward: -0.10
Frame: 2354, Reward: -0.10
Frame: 2356, Reward: -0.10
[PSOScheduler] PSO 批量分配（触发: timeout），当前各机队列: {0: 7, 1: 14, 2: 16}
Frame: 2358, Reward: -0.10
Frame: 2360, Reward: -0.10
Frame: 2362, Reward: -0.10
Frame: 2364, Reward: -0.10
Frame: 2366, Reward: -0.10
Frame: 2368, Reward: -0.10
Frame: 2370, Reward: -0.10
Frame: 2372, Reward: -0.10
Frame: 2374, Reward: -126.75
[PSOScheduler] drone_1 空闲，动态贪心重排 14 个队列任务
Frame: 2376, Reward: -0.10
Frame: 2378, Reward: -0.10
Frame: 2380, Reward: -0.10
Frame: 2382, Reward: -0.10
Frame: 2384, Reward: -0.10
Frame: 2386, Reward: -0.10
Frame: 2388, Reward: -0.10
Frame: 2390, Reward: -0.10
Frame: 2392, Reward: -0.10
Frame: 2394, Reward: -0.10
Frame: 2396, Reward: -0.10
Frame: 2398, Reward: -0.10

======================================================================
仿真结束
======================================================================
总帧数: 2400
总奖励: 0.00
======================================================================

======================================================================
📊 累计统计
======================================================================
  完成率: 38.71%
  完成任务数: 12
  准时率: 66.67%
  平均延迟: 65.50 时间单位
  平均配送时长: 122.42 时间单位
  总耗电量: 14673.85 Wh
  平均每任务耗电: 1222.82 Wh
======================================================================

======================================================================
调度器事件统计
======================================================================
  immediate_assign: 3
  buffered: 48
  flush_size: 1
  flush_emergency: 3
  flush_timeout: 14
  reorders: 12
  dispatches: 15
======================================================================
[TaskShower] Task Monitor window closed
